2022-06-03 02:13:46.358  INFO 19676 --- [restartedMain] com.gamotrance.OTT.OttApplication        : Starting OttApplication on LAPTOP-EPUDMUJ9 with PID 19676 (D:\NewSpring\mainOTT\OTT\target\classes started by Santosh Sharma in D:\NewSpring\mainOTT\OTT)
2022-06-03 02:13:46.395  INFO 19676 --- [restartedMain] com.gamotrance.OTT.OttApplication        : No active profile set, falling back to default profiles: default
2022-06-03 02:13:47.435  INFO 19676 --- [restartedMain] .e.DevToolsPropertyDefaultsPostProcessor : Devtools property defaults active! Set 'spring.devtools.add-properties' to 'false' to disable
2022-06-03 02:13:47.436  INFO 19676 --- [restartedMain] .e.DevToolsPropertyDefaultsPostProcessor : For additional web related logging consider setting the 'logging.level.web' property to 'DEBUG'
2022-06-03 02:13:55.315  INFO 19676 --- [restartedMain] .s.d.r.c.RepositoryConfigurationDelegate : Multiple Spring Data modules found, entering strict repository configuration mode!
2022-06-03 02:13:55.319  INFO 19676 --- [restartedMain] .s.d.r.c.RepositoryConfigurationDelegate : Bootstrapping Spring Data repositories in DEFAULT mode.
2022-06-03 02:13:55.992  INFO 19676 --- [restartedMain] .s.d.r.c.RepositoryConfigurationDelegate : Finished Spring Data repository scanning in 656ms. Found 32 repository interfaces.
2022-06-03 02:13:57.011  INFO 19676 --- [restartedMain] .s.d.r.c.RepositoryConfigurationDelegate : Multiple Spring Data modules found, entering strict repository configuration mode!
2022-06-03 02:13:57.016  INFO 19676 --- [restartedMain] .s.d.r.c.RepositoryConfigurationDelegate : Bootstrapping Spring Data repositories in DEFAULT mode.
2022-06-03 02:13:57.167  INFO 19676 --- [restartedMain] .RepositoryConfigurationExtensionSupport : Spring Data Redis - Could not safely identify store assignment for repository candidate interface com.gamotrance.OTT.Doa.AppUpdateRepo.
2022-06-03 02:13:57.169  INFO 19676 --- [restartedMain] .RepositoryConfigurationExtensionSupport : Spring Data Redis - Could not safely identify store assignment for repository candidate interface com.gamotrance.OTT.Doa.CatogaryRepo.
2022-06-03 02:13:57.171  INFO 19676 --- [restartedMain] .RepositoryConfigurationExtensionSupport : Spring Data Redis - Could not safely identify store assignment for repository candidate interface com.gamotrance.OTT.Doa.ChannelRepo.
2022-06-03 02:13:57.173  INFO 19676 --- [restartedMain] .RepositoryConfigurationExtensionSupport : Spring Data Redis - Could not safely identify store assignment for repository candidate interface com.gamotrance.OTT.Doa.ContVideoRepo.
2022-06-03 02:13:57.174  INFO 19676 --- [restartedMain] .RepositoryConfigurationExtensionSupport : Spring Data Redis - Could not safely identify store assignment for repository candidate interface com.gamotrance.OTT.Doa.CountryVideoDecodRepo.
2022-06-03 02:13:57.177  INFO 19676 --- [restartedMain] .RepositoryConfigurationExtensionSupport : Spring Data Redis - Could not safely identify store assignment for repository candidate interface com.gamotrance.OTT.Doa.DBannerRepo.
2022-06-03 02:13:57.178  INFO 19676 --- [restartedMain] .RepositoryConfigurationExtensionSupport : Spring Data Redis - Could not safely identify store assignment for repository candidate interface com.gamotrance.OTT.Doa.DisLikeRepo.
2022-06-03 02:13:57.179  INFO 19676 --- [restartedMain] .RepositoryConfigurationExtensionSupport : Spring Data Redis - Could not safely identify store assignment for repository candidate interface com.gamotrance.OTT.Doa.FavouriteRepo.
2022-06-03 02:13:57.180  INFO 19676 --- [restartedMain] .RepositoryConfigurationExtensionSupport : Spring Data Redis - Could not safely identify store assignment for repository candidate interface com.gamotrance.OTT.Doa.HelpRepo.
2022-06-03 02:13:57.184  INFO 19676 --- [restartedMain] .RepositoryConfigurationExtensionSupport : Spring Data Redis - Could not safely identify store assignment for repository candidate interface com.gamotrance.OTT.Doa.HomePagerContainRepo.
2022-06-03 02:13:57.185  INFO 19676 --- [restartedMain] .RepositoryConfigurationExtensionSupport : Spring Data Redis - Could not safely identify store assignment for repository candidate interface com.gamotrance.OTT.Doa.LikesRepo.
2022-06-03 02:13:57.187  INFO 19676 --- [restartedMain] .RepositoryConfigurationExtensionSupport : Spring Data Redis - Could not safely identify store assignment for repository candidate interface com.gamotrance.OTT.Doa.OtpRepo.
2022-06-03 02:13:57.188  INFO 19676 --- [restartedMain] .RepositoryConfigurationExtensionSupport : Spring Data Redis - Could not safely identify store assignment for repository candidate interface com.gamotrance.OTT.Doa.PaymentMethodRepo.
2022-06-03 02:13:57.190  INFO 19676 --- [restartedMain] .RepositoryConfigurationExtensionSupport : Spring Data Redis - Could not safely identify store assignment for repository candidate interface com.gamotrance.OTT.Doa.PlanRepo.
2022-06-03 02:13:57.191  INFO 19676 --- [restartedMain] .RepositoryConfigurationExtensionSupport : Spring Data Redis - Could not safely identify store assignment for repository candidate interface com.gamotrance.OTT.Doa.RemindMeRepo.
2022-06-03 02:13:57.192  INFO 19676 --- [restartedMain] .RepositoryConfigurationExtensionSupport : Spring Data Redis - Could not safely identify store assignment for repository candidate interface com.gamotrance.OTT.Doa.RentAccessRepo.
2022-06-03 02:13:57.195  INFO 19676 --- [restartedMain] .RepositoryConfigurationExtensionSupport : Spring Data Redis - Could not safely identify store assignment for repository candidate interface com.gamotrance.OTT.Doa.RentVideoRepo.
2022-06-03 02:13:57.196  INFO 19676 --- [restartedMain] .RepositoryConfigurationExtensionSupport : Spring Data Redis - Could not safely identify store assignment for repository candidate interface com.gamotrance.OTT.Doa.RoleRepository.
2022-06-03 02:13:57.199  INFO 19676 --- [restartedMain] .RepositoryConfigurationExtensionSupport : Spring Data Redis - Could not safely identify store assignment for repository candidate interface com.gamotrance.OTT.Doa.RowVideoRepo.
2022-06-03 02:13:57.201  INFO 19676 --- [restartedMain] .RepositoryConfigurationExtensionSupport : Spring Data Redis - Could not safely identify store assignment for repository candidate interface com.gamotrance.OTT.Doa.SingleVideoRepo.
2022-06-03 02:13:57.202  INFO 19676 --- [restartedMain] .RepositoryConfigurationExtensionSupport : Spring Data Redis - Could not safely identify store assignment for repository candidate interface com.gamotrance.OTT.Doa.StoryDoa.
2022-06-03 02:13:57.205  INFO 19676 --- [restartedMain] .RepositoryConfigurationExtensionSupport : Spring Data Redis - Could not safely identify store assignment for repository candidate interface com.gamotrance.OTT.Doa.TodoRepository.
2022-06-03 02:13:57.206  INFO 19676 --- [restartedMain] .RepositoryConfigurationExtensionSupport : Spring Data Redis - Could not safely identify store assignment for repository candidate interface com.gamotrance.OTT.Doa.TransctionFieldRepo.
2022-06-03 02:13:57.208  INFO 19676 --- [restartedMain] .RepositoryConfigurationExtensionSupport : Spring Data Redis - Could not safely identify store assignment for repository candidate interface com.gamotrance.OTT.Doa.TransctionRepo.
2022-06-03 02:13:57.209  INFO 19676 --- [restartedMain] .RepositoryConfigurationExtensionSupport : Spring Data Redis - Could not safely identify store assignment for repository candidate interface com.gamotrance.OTT.Doa.UpiConstantRepo.
2022-06-03 02:13:57.211  INFO 19676 --- [restartedMain] .RepositoryConfigurationExtensionSupport : Spring Data Redis - Could not safely identify store assignment for repository candidate interface com.gamotrance.OTT.Doa.UserFcmTokenRepo.
2022-06-03 02:13:57.212  INFO 19676 --- [restartedMain] .RepositoryConfigurationExtensionSupport : Spring Data Redis - Could not safely identify store assignment for repository candidate interface com.gamotrance.OTT.Doa.UserNotifRepo.
2022-06-03 02:13:57.213  INFO 19676 --- [restartedMain] .RepositoryConfigurationExtensionSupport : Spring Data Redis - Could not safely identify store assignment for repository candidate interface com.gamotrance.OTT.Doa.UserRepo.
2022-06-03 02:13:57.214  INFO 19676 --- [restartedMain] .RepositoryConfigurationExtensionSupport : Spring Data Redis - Could not safely identify store assignment for repository candidate interface com.gamotrance.OTT.Doa.UserViewRepo.
2022-06-03 02:13:57.216  INFO 19676 --- [restartedMain] .RepositoryConfigurationExtensionSupport : Spring Data Redis - Could not safely identify store assignment for repository candidate interface com.gamotrance.OTT.Doa.VideoCatListRepo.
2022-06-03 02:13:57.227  INFO 19676 --- [restartedMain] .RepositoryConfigurationExtensionSupport : Spring Data Redis - Could not safely identify store assignment for repository candidate interface com.gamotrance.OTT.Doa.WalletRepo.
2022-06-03 02:13:57.229  INFO 19676 --- [restartedMain] .RepositoryConfigurationExtensionSupport : Spring Data Redis - Could not safely identify store assignment for repository candidate interface com.gamotrance.OTT.Doa.WatchListRepo.
2022-06-03 02:13:57.230  INFO 19676 --- [restartedMain] .s.d.r.c.RepositoryConfigurationDelegate : Finished Spring Data repository scanning in 191ms. Found 0 repository interfaces.
2022-06-03 02:14:00.778  INFO 19676 --- [restartedMain] o.s.b.w.embedded.tomcat.TomcatWebServer  : Tomcat initialized with port(s): 8886 (http)
2022-06-03 02:14:00.958  INFO 19676 --- [restartedMain] o.apache.catalina.core.StandardService   : Starting service [Tomcat]
2022-06-03 02:14:00.959  INFO 19676 --- [restartedMain] org.apache.catalina.core.StandardEngine  : Starting Servlet engine: [Apache Tomcat/9.0.22]
2022-06-03 02:14:01.669  INFO 19676 --- [restartedMain] o.a.c.c.C.[Tomcat].[localhost].[/]       : Initializing Spring embedded WebApplicationContext
2022-06-03 02:14:01.670  INFO 19676 --- [restartedMain] o.s.web.context.ContextLoader            : Root WebApplicationContext: initialization completed in 14232 ms
2022-06-03 02:14:04.194  INFO 19676 --- [restartedMain] org.mongodb.driver.cluster               : Cluster created with settings {hosts=[127.0.0.1:27017], mode=SINGLE, requiredClusterType=UNKNOWN, serverSelectionTimeout='30000 ms', maxWaitQueueSize=500}
2022-06-03 02:14:04.577  INFO 19676 --- [cluster-ClusterId{value='62992114511d034cdc8a0a9d', description='null'}-127.0.0.1:27017] org.mongodb.driver.connection            : Opened connection [connectionId{localValue:1, serverValue:1}] to 127.0.0.1:27017
2022-06-03 02:14:04.595  INFO 19676 --- [cluster-ClusterId{value='62992114511d034cdc8a0a9d', description='null'}-127.0.0.1:27017] org.mongodb.driver.cluster               : Monitor thread successfully connected to server with description ServerDescription{address=127.0.0.1:27017, type=STANDALONE, state=CONNECTED, ok=true, version=ServerVersion{versionList=[5, 0, 2]}, minWireVersion=0, maxWireVersion=13, maxDocumentSize=16777216, logicalSessionTimeoutMinutes=30, roundTripTimeNanos=10899900}
2022-06-03 02:14:05.342  INFO 19676 --- [restartedMain] c.g.OTT.configs.SimpleCORSFilter         : SimpleCORSFilter init
2022-06-03 02:14:05.851  INFO 19676 --- [restartedMain] o.s.b.d.a.OptionalLiveReloadServer       : LiveReload server is running on port 35729
2022-06-03 02:14:06.537  INFO 19676 --- [restartedMain] org.mongodb.driver.connection            : Opened connection [connectionId{localValue:2, serverValue:2}] to 127.0.0.1:27017
2022-06-03 02:14:07.394  INFO 19676 --- [restartedMain] com.gamotrance.OTT.FCMInitializer        : Firebase application has been initialized
2022-06-03 02:14:10.862  INFO 19676 --- [restartedMain] o.s.b.a.e.web.EndpointLinksResolver      : Exposing 2 endpoint(s) beneath base path '/actuator'
2022-06-03 02:14:11.177  WARN 19676 --- [restartedMain] org.thymeleaf.templatemode.TemplateMode  : [THYMELEAF][restartedMain] Template Mode 'HTML5' is deprecated. Using Template Mode 'HTML' instead.
2022-06-03 02:14:11.184  WARN 19676 --- [restartedMain] org.thymeleaf.templatemode.TemplateMode  : [THYMELEAF][restartedMain] Template Mode 'HTML5' is deprecated. Using Template Mode 'HTML' instead.
2022-06-03 02:14:11.765  INFO 19676 --- [restartedMain] o.s.s.web.DefaultSecurityFilterChain     : Creating filter chain: Ant [pattern='/swagger-resources/**'], []
2022-06-03 02:14:11.767  INFO 19676 --- [restartedMain] o.s.s.web.DefaultSecurityFilterChain     : Creating filter chain: Ant [pattern='/swagger-ui.html/**'], []
2022-06-03 02:14:11.767  INFO 19676 --- [restartedMain] o.s.s.web.DefaultSecurityFilterChain     : Creating filter chain: Ant [pattern='/webjars/**'], []
2022-06-03 02:14:11.767  INFO 19676 --- [restartedMain] o.s.s.web.DefaultSecurityFilterChain     : Creating filter chain: Ant [pattern='/resources/**'], []
2022-06-03 02:14:11.768  INFO 19676 --- [restartedMain] o.s.s.web.DefaultSecurityFilterChain     : Creating filter chain: Ant [pattern='/static/**'], []
2022-06-03 02:14:11.768  INFO 19676 --- [restartedMain] o.s.s.web.DefaultSecurityFilterChain     : Creating filter chain: Ant [pattern='/css/**'], []
2022-06-03 02:14:11.768  INFO 19676 --- [restartedMain] o.s.s.web.DefaultSecurityFilterChain     : Creating filter chain: Ant [pattern='/js/**'], []
2022-06-03 02:14:11.769  INFO 19676 --- [restartedMain] o.s.s.web.DefaultSecurityFilterChain     : Creating filter chain: Ant [pattern='/images/**'], []
2022-06-03 02:14:11.899  INFO 19676 --- [restartedMain] o.s.s.web.DefaultSecurityFilterChain     : Creating filter chain: any request, [org.springframework.security.web.context.request.async.WebAsyncManagerIntegrationFilter@418a9e66, org.springframework.security.web.context.SecurityContextPersistenceFilter@33d3a221, org.springframework.security.web.header.HeaderWriterFilter@6a2b6c4d, org.springframework.security.web.authentication.logout.LogoutFilter@4496c4c, com.gamotrance.OTT.configs.JwtTokenFilter@668d9f43, org.springframework.security.web.savedrequest.RequestCacheAwareFilter@440cb2e0, org.springframework.security.web.servletapi.SecurityContextHolderAwareRequestFilter@701ed1bc, org.springframework.security.web.authentication.AnonymousAuthenticationFilter@7171c140, org.springframework.security.web.session.SessionManagementFilter@313b2651, org.springframework.security.web.access.ExceptionTranslationFilter@5a36ce67, org.springframework.security.web.access.intercept.FilterSecurityInterceptor@f7acdde]
2022-06-03 02:14:12.423  INFO 19676 --- [restartedMain] o.s.s.concurrent.ThreadPoolTaskExecutor  : Initializing ExecutorService 'applicationTaskExecutor'
2022-06-03 02:14:12.555  INFO 19676 --- [restartedMain] o.s.b.a.w.s.WelcomePageHandlerMapping    : Adding welcome page template: index
2022-06-03 02:14:13.883  INFO 19676 --- [restartedMain] o.s.s.c.ThreadPoolTaskScheduler          : Initializing ExecutorService 'taskScheduler'
2022-06-03 02:14:14.753  WARN 19676 --- [restartedMain] org.thymeleaf.templatemode.TemplateMode  : [THYMELEAF][restartedMain] Template Mode 'LEGACYHTML5' is deprecated. Using Template Mode 'HTML' instead.
2022-06-03 02:14:15.125  INFO 19676 --- [restartedMain] d.s.w.p.DocumentationPluginsBootstrapper : Context refreshed
2022-06-03 02:14:15.183  INFO 19676 --- [restartedMain] d.s.w.p.DocumentationPluginsBootstrapper : Found 1 custom documentation plugin(s)
2022-06-03 02:14:15.350  INFO 19676 --- [restartedMain] s.d.s.w.s.ApiListingReferenceScanner     : Scanning for api listing references
2022-06-03 02:14:15.931  INFO 19676 --- [restartedMain] .d.s.w.r.o.CachingOperationNameGenerator : Generating unique operation named: deleteCatorayUsingDELETE_1
2022-06-03 02:14:17.018  INFO 19676 --- [restartedMain] .d.s.w.r.o.CachingOperationNameGenerator : Generating unique operation named: handleUsingGET_1
2022-06-03 02:14:17.022  INFO 19676 --- [restartedMain] .d.s.w.r.o.CachingOperationNameGenerator : Generating unique operation named: handleUsingGET_2
2022-06-03 02:14:17.025  INFO 19676 --- [restartedMain] .d.s.w.r.o.CachingOperationNameGenerator : Generating unique operation named: handleUsingGET_3
2022-06-03 02:14:17.466  INFO 19676 --- [restartedMain] .d.s.w.r.o.CachingOperationNameGenerator : Generating unique operation named: deletePlanUsingDELETE_1
2022-06-03 02:14:17.673  INFO 19676 --- [restartedMain] .d.s.w.r.o.CachingOperationNameGenerator : Generating unique operation named: getRentMovieByIdUsingGET_1
2022-06-03 02:14:17.693  INFO 19676 --- [restartedMain] .d.s.w.r.o.CachingOperationNameGenerator : Generating unique operation named: updateRentMovieUsingPATCH_1
2022-06-03 02:14:17.726  INFO 19676 --- [restartedMain] .d.s.w.r.o.CachingOperationNameGenerator : Generating unique operation named: addAppUpdateUsingPOST_1
2022-06-03 02:14:17.730  INFO 19676 --- [restartedMain] .d.s.w.r.o.CachingOperationNameGenerator : Generating unique operation named: addToDashBoardUsingPOST_1
2022-06-03 02:14:17.735  INFO 19676 --- [restartedMain] .d.s.w.r.o.CachingOperationNameGenerator : Generating unique operation named: deleteAllUsingDELETE_1
2022-06-03 02:14:17.752  INFO 19676 --- [restartedMain] .d.s.w.r.o.CachingOperationNameGenerator : Generating unique operation named: deleteSingleDashUsingDELETE_1
2022-06-03 02:14:17.776  INFO 19676 --- [restartedMain] .d.s.w.r.o.CachingOperationNameGenerator : Generating unique operation named: getByListHelpUsingGET_1
2022-06-03 02:14:17.804  INFO 19676 --- [restartedMain] .d.s.w.r.o.CachingOperationNameGenerator : Generating unique operation named: getDashBoardUsingGET_1
2022-06-03 02:14:18.134  INFO 19676 --- [restartedMain] .d.s.w.r.o.CachingOperationNameGenerator : Generating unique operation named: deleteTransctionUsingDELETE_1
2022-06-03 02:14:18.656  INFO 19676 --- [restartedMain] .d.s.w.r.o.CachingOperationNameGenerator : Generating unique operation named: SyncAllUserUsingPATCH_1
2022-06-03 02:14:18.798  INFO 19676 --- [restartedMain] .d.s.w.r.o.CachingOperationNameGenerator : Generating unique operation named: addSingleVideoUsingPOST_1
2022-06-03 02:14:19.555  INFO 19676 --- [restartedMain] o.s.b.w.embedded.tomcat.TomcatWebServer  : Tomcat started on port(s): 8886 (http) with context path ''
2022-06-03 02:14:19.570  INFO 19676 --- [restartedMain] com.gamotrance.OTT.OttApplication        : Started OttApplication in 34.988 seconds (JVM running for 38.347)
2022-06-03 02:14:19.736 DEBUG 19676 --- [restartedMain] o.s.data.mongodb.core.MongoTemplate      : find using query: { "role" : "ADMIN" } fields: Document{{}} for class: class com.gamotrance.OTT.Model.Role in collection: roles
2022-06-03 02:14:19.886 DEBUG 19676 --- [restartedMain] o.s.data.mongodb.core.MongoTemplate      : find using query: { "role" : "USER" } fields: Document{{}} for class: class com.gamotrance.OTT.Model.Role in collection: roles
2022-06-03 02:16:43.928  INFO 19676 --- [http-nio-8886-exec-2] o.a.c.c.C.[Tomcat].[localhost].[/]       : Initializing Spring DispatcherServlet 'dispatcherServlet'
2022-06-03 02:16:43.928  INFO 19676 --- [http-nio-8886-exec-2] o.s.web.servlet.DispatcherServlet        : Initializing Servlet 'dispatcherServlet'
2022-06-03 02:16:43.941  INFO 19676 --- [http-nio-8886-exec-2] o.s.web.servlet.DispatcherServlet        : Completed initialization in 13 ms
2022-06-03 02:19:00.099  INFO 19676 --- [Thread-4] o.s.s.c.ThreadPoolTaskScheduler          : Shutting down ExecutorService 'taskScheduler'
2022-06-03 02:19:00.103  INFO 19676 --- [Thread-4] o.s.s.concurrent.ThreadPoolTaskExecutor  : Shutting down ExecutorService 'applicationTaskExecutor'
2022-06-03 02:19:00.135  INFO 19676 --- [Thread-4] org.mongodb.driver.connection            : Closed connection [connectionId{localValue:2, serverValue:2}] to 127.0.0.1:27017 because the pool has been closed.
2022-06-03 02:19:00.442  INFO 19676 --- [restartedMain] com.gamotrance.OTT.OttApplication        : Starting OttApplication on LAPTOP-EPUDMUJ9 with PID 19676 (D:\NewSpring\mainOTT\OTT\target\classes started by Santosh Sharma in D:\NewSpring\mainOTT\OTT)
2022-06-03 02:19:00.443  INFO 19676 --- [restartedMain] com.gamotrance.OTT.OttApplication        : No active profile set, falling back to default profiles: default
2022-06-03 02:19:02.325  INFO 19676 --- [restartedMain] .s.d.r.c.RepositoryConfigurationDelegate : Multiple Spring Data modules found, entering strict repository configuration mode!
2022-06-03 02:19:02.326  INFO 19676 --- [restartedMain] .s.d.r.c.RepositoryConfigurationDelegate : Bootstrapping Spring Data repositories in DEFAULT mode.
2022-06-03 02:19:02.485  INFO 19676 --- [restartedMain] .s.d.r.c.RepositoryConfigurationDelegate : Finished Spring Data repository scanning in 159ms. Found 32 repository interfaces.
2022-06-03 02:19:02.716  INFO 19676 --- [restartedMain] .s.d.r.c.RepositoryConfigurationDelegate : Multiple Spring Data modules found, entering strict repository configuration mode!
2022-06-03 02:19:02.716  INFO 19676 --- [restartedMain] .s.d.r.c.RepositoryConfigurationDelegate : Bootstrapping Spring Data repositories in DEFAULT mode.
2022-06-03 02:19:02.736  INFO 19676 --- [restartedMain] .RepositoryConfigurationExtensionSupport : Spring Data Redis - Could not safely identify store assignment for repository candidate interface com.gamotrance.OTT.Doa.AppUpdateRepo.
2022-06-03 02:19:02.737  INFO 19676 --- [restartedMain] .RepositoryConfigurationExtensionSupport : Spring Data Redis - Could not safely identify store assignment for repository candidate interface com.gamotrance.OTT.Doa.CatogaryRepo.
2022-06-03 02:19:02.738  INFO 19676 --- [restartedMain] .RepositoryConfigurationExtensionSupport : Spring Data Redis - Could not safely identify store assignment for repository candidate interface com.gamotrance.OTT.Doa.ChannelRepo.
2022-06-03 02:19:02.739  INFO 19676 --- [restartedMain] .RepositoryConfigurationExtensionSupport : Spring Data Redis - Could not safely identify store assignment for repository candidate interface com.gamotrance.OTT.Doa.ContVideoRepo.
2022-06-03 02:19:02.739  INFO 19676 --- [restartedMain] .RepositoryConfigurationExtensionSupport : Spring Data Redis - Could not safely identify store assignment for repository candidate interface com.gamotrance.OTT.Doa.CountryVideoDecodRepo.
2022-06-03 02:19:02.739  INFO 19676 --- [restartedMain] .RepositoryConfigurationExtensionSupport : Spring Data Redis - Could not safely identify store assignment for repository candidate interface com.gamotrance.OTT.Doa.DBannerRepo.
2022-06-03 02:19:02.740  INFO 19676 --- [restartedMain] .RepositoryConfigurationExtensionSupport : Spring Data Redis - Could not safely identify store assignment for repository candidate interface com.gamotrance.OTT.Doa.DisLikeRepo.
2022-06-03 02:19:02.740  INFO 19676 --- [restartedMain] .RepositoryConfigurationExtensionSupport : Spring Data Redis - Could not safely identify store assignment for repository candidate interface com.gamotrance.OTT.Doa.FavouriteRepo.
2022-06-03 02:19:02.740  INFO 19676 --- [restartedMain] .RepositoryConfigurationExtensionSupport : Spring Data Redis - Could not safely identify store assignment for repository candidate interface com.gamotrance.OTT.Doa.HelpRepo.
2022-06-03 02:19:02.741  INFO 19676 --- [restartedMain] .RepositoryConfigurationExtensionSupport : Spring Data Redis - Could not safely identify store assignment for repository candidate interface com.gamotrance.OTT.Doa.HomePagerContainRepo.
2022-06-03 02:19:02.741  INFO 19676 --- [restartedMain] .RepositoryConfigurationExtensionSupport : Spring Data Redis - Could not safely identify store assignment for repository candidate interface com.gamotrance.OTT.Doa.LikesRepo.
2022-06-03 02:19:02.742  INFO 19676 --- [restartedMain] .RepositoryConfigurationExtensionSupport : Spring Data Redis - Could not safely identify store assignment for repository candidate interface com.gamotrance.OTT.Doa.OtpRepo.
2022-06-03 02:19:02.742  INFO 19676 --- [restartedMain] .RepositoryConfigurationExtensionSupport : Spring Data Redis - Could not safely identify store assignment for repository candidate interface com.gamotrance.OTT.Doa.PaymentMethodRepo.
2022-06-03 02:19:02.743  INFO 19676 --- [restartedMain] .RepositoryConfigurationExtensionSupport : Spring Data Redis - Could not safely identify store assignment for repository candidate interface com.gamotrance.OTT.Doa.PlanRepo.
2022-06-03 02:19:02.744  INFO 19676 --- [restartedMain] .RepositoryConfigurationExtensionSupport : Spring Data Redis - Could not safely identify store assignment for repository candidate interface com.gamotrance.OTT.Doa.RemindMeRepo.
2022-06-03 02:19:02.745  INFO 19676 --- [restartedMain] .RepositoryConfigurationExtensionSupport : Spring Data Redis - Could not safely identify store assignment for repository candidate interface com.gamotrance.OTT.Doa.RentAccessRepo.
2022-06-03 02:19:02.746  INFO 19676 --- [restartedMain] .RepositoryConfigurationExtensionSupport : Spring Data Redis - Could not safely identify store assignment for repository candidate interface com.gamotrance.OTT.Doa.RentVideoRepo.
2022-06-03 02:19:02.747  INFO 19676 --- [restartedMain] .RepositoryConfigurationExtensionSupport : Spring Data Redis - Could not safely identify store assignment for repository candidate interface com.gamotrance.OTT.Doa.RoleRepository.
2022-06-03 02:19:02.747  INFO 19676 --- [restartedMain] .RepositoryConfigurationExtensionSupport : Spring Data Redis - Could not safely identify store assignment for repository candidate interface com.gamotrance.OTT.Doa.RowVideoRepo.
2022-06-03 02:19:02.748  INFO 19676 --- [restartedMain] .RepositoryConfigurationExtensionSupport : Spring Data Redis - Could not safely identify store assignment for repository candidate interface com.gamotrance.OTT.Doa.SingleVideoRepo.
2022-06-03 02:19:02.748  INFO 19676 --- [restartedMain] .RepositoryConfigurationExtensionSupport : Spring Data Redis - Could not safely identify store assignment for repository candidate interface com.gamotrance.OTT.Doa.StoryDoa.
2022-06-03 02:19:02.749  INFO 19676 --- [restartedMain] .RepositoryConfigurationExtensionSupport : Spring Data Redis - Could not safely identify store assignment for repository candidate interface com.gamotrance.OTT.Doa.TodoRepository.
2022-06-03 02:19:02.750  INFO 19676 --- [restartedMain] .RepositoryConfigurationExtensionSupport : Spring Data Redis - Could not safely identify store assignment for repository candidate interface com.gamotrance.OTT.Doa.TransctionFieldRepo.
2022-06-03 02:19:02.750  INFO 19676 --- [restartedMain] .RepositoryConfigurationExtensionSupport : Spring Data Redis - Could not safely identify store assignment for repository candidate interface com.gamotrance.OTT.Doa.TransctionRepo.
2022-06-03 02:19:02.751  INFO 19676 --- [restartedMain] .RepositoryConfigurationExtensionSupport : Spring Data Redis - Could not safely identify store assignment for repository candidate interface com.gamotrance.OTT.Doa.UpiConstantRepo.
2022-06-03 02:19:02.751  INFO 19676 --- [restartedMain] .RepositoryConfigurationExtensionSupport : Spring Data Redis - Could not safely identify store assignment for repository candidate interface com.gamotrance.OTT.Doa.UserFcmTokenRepo.
2022-06-03 02:19:02.752  INFO 19676 --- [restartedMain] .RepositoryConfigurationExtensionSupport : Spring Data Redis - Could not safely identify store assignment for repository candidate interface com.gamotrance.OTT.Doa.UserNotifRepo.
2022-06-03 02:19:02.752  INFO 19676 --- [restartedMain] .RepositoryConfigurationExtensionSupport : Spring Data Redis - Could not safely identify store assignment for repository candidate interface com.gamotrance.OTT.Doa.UserRepo.
2022-06-03 02:19:02.753  INFO 19676 --- [restartedMain] .RepositoryConfigurationExtensionSupport : Spring Data Redis - Could not safely identify store assignment for repository candidate interface com.gamotrance.OTT.Doa.UserViewRepo.
2022-06-03 02:19:02.754  INFO 19676 --- [restartedMain] .RepositoryConfigurationExtensionSupport : Spring Data Redis - Could not safely identify store assignment for repository candidate interface com.gamotrance.OTT.Doa.VideoCatListRepo.
2022-06-03 02:19:02.754  INFO 19676 --- [restartedMain] .RepositoryConfigurationExtensionSupport : Spring Data Redis - Could not safely identify store assignment for repository candidate interface com.gamotrance.OTT.Doa.WalletRepo.
2022-06-03 02:19:02.754  INFO 19676 --- [restartedMain] .RepositoryConfigurationExtensionSupport : Spring Data Redis - Could not safely identify store assignment for repository candidate interface com.gamotrance.OTT.Doa.WatchListRepo.
2022-06-03 02:19:02.755  INFO 19676 --- [restartedMain] .s.d.r.c.RepositoryConfigurationDelegate : Finished Spring Data repository scanning in 38ms. Found 0 repository interfaces.
2022-06-03 02:19:03.147  INFO 19676 --- [restartedMain] o.s.b.w.embedded.tomcat.TomcatWebServer  : Tomcat initialized with port(s): 8886 (http)
2022-06-03 02:19:03.152  INFO 19676 --- [restartedMain] o.apache.catalina.core.StandardService   : Starting service [Tomcat]
2022-06-03 02:19:03.153  INFO 19676 --- [restartedMain] org.apache.catalina.core.StandardEngine  : Starting Servlet engine: [Apache Tomcat/9.0.22]
2022-06-03 02:19:03.293  INFO 19676 --- [restartedMain] o.a.c.c.C.[Tomcat].[localhost].[/]       : Initializing Spring embedded WebApplicationContext
2022-06-03 02:19:03.293  INFO 19676 --- [restartedMain] o.s.web.context.ContextLoader            : Root WebApplicationContext: initialization completed in 2843 ms
2022-06-03 02:19:03.565  INFO 19676 --- [restartedMain] org.mongodb.driver.cluster               : Cluster created with settings {hosts=[127.0.0.1:27017], mode=SINGLE, requiredClusterType=UNKNOWN, serverSelectionTimeout='30000 ms', maxWaitQueueSize=500}
2022-06-03 02:19:03.576  INFO 19676 --- [cluster-ClusterId{value='6299223f511d034cdc8a0a9e', description='null'}-127.0.0.1:27017] org.mongodb.driver.connection            : Opened connection [connectionId{localValue:3, serverValue:3}] to 127.0.0.1:27017
2022-06-03 02:19:03.580  INFO 19676 --- [cluster-ClusterId{value='6299223f511d034cdc8a0a9e', description='null'}-127.0.0.1:27017] org.mongodb.driver.cluster               : Monitor thread successfully connected to server with description ServerDescription{address=127.0.0.1:27017, type=STANDALONE, state=CONNECTED, ok=true, version=ServerVersion{versionList=[5, 0, 2]}, minWireVersion=0, maxWireVersion=13, maxDocumentSize=16777216, logicalSessionTimeoutMinutes=30, roundTripTimeNanos=1003100}
2022-06-03 02:19:03.730  INFO 19676 --- [restartedMain] c.g.OTT.configs.SimpleCORSFilter         : SimpleCORSFilter init
2022-06-03 02:19:03.814  INFO 19676 --- [restartedMain] o.s.b.d.a.OptionalLiveReloadServer       : LiveReload server is running on port 35729
2022-06-03 02:19:04.056  INFO 19676 --- [restartedMain] org.mongodb.driver.connection            : Opened connection [connectionId{localValue:4, serverValue:4}] to 127.0.0.1:27017
2022-06-03 02:19:07.981  INFO 19676 --- [restartedMain] o.s.b.a.e.web.EndpointLinksResolver      : Exposing 2 endpoint(s) beneath base path '/actuator'
2022-06-03 02:19:08.047  WARN 19676 --- [restartedMain] org.thymeleaf.templatemode.TemplateMode  : [THYMELEAF][restartedMain] Template Mode 'HTML5' is deprecated. Using Template Mode 'HTML' instead.
2022-06-03 02:19:08.048  WARN 19676 --- [restartedMain] org.thymeleaf.templatemode.TemplateMode  : [THYMELEAF][restartedMain] Template Mode 'HTML5' is deprecated. Using Template Mode 'HTML' instead.
2022-06-03 02:19:08.103  INFO 19676 --- [restartedMain] o.s.s.web.DefaultSecurityFilterChain     : Creating filter chain: Ant [pattern='/swagger-resources/**'], []
2022-06-03 02:19:08.103  INFO 19676 --- [restartedMain] o.s.s.web.DefaultSecurityFilterChain     : Creating filter chain: Ant [pattern='/swagger-ui.html/**'], []
2022-06-03 02:19:08.103  INFO 19676 --- [restartedMain] o.s.s.web.DefaultSecurityFilterChain     : Creating filter chain: Ant [pattern='/webjars/**'], []
2022-06-03 02:19:08.103  INFO 19676 --- [restartedMain] o.s.s.web.DefaultSecurityFilterChain     : Creating filter chain: Ant [pattern='/resources/**'], []
2022-06-03 02:19:08.103  INFO 19676 --- [restartedMain] o.s.s.web.DefaultSecurityFilterChain     : Creating filter chain: Ant [pattern='/static/**'], []
2022-06-03 02:19:08.103  INFO 19676 --- [restartedMain] o.s.s.web.DefaultSecurityFilterChain     : Creating filter chain: Ant [pattern='/css/**'], []
2022-06-03 02:19:08.104  INFO 19676 --- [restartedMain] o.s.s.web.DefaultSecurityFilterChain     : Creating filter chain: Ant [pattern='/js/**'], []
2022-06-03 02:19:08.104  INFO 19676 --- [restartedMain] o.s.s.web.DefaultSecurityFilterChain     : Creating filter chain: Ant [pattern='/images/**'], []
2022-06-03 02:19:08.114  INFO 19676 --- [restartedMain] o.s.s.web.DefaultSecurityFilterChain     : Creating filter chain: any request, [org.springframework.security.web.context.request.async.WebAsyncManagerIntegrationFilter@319409f7, org.springframework.security.web.context.SecurityContextPersistenceFilter@30199460, org.springframework.security.web.header.HeaderWriterFilter@213900f0, org.springframework.security.web.authentication.logout.LogoutFilter@36a53aad, com.gamotrance.OTT.configs.JwtTokenFilter@6b90e83e, org.springframework.security.web.savedrequest.RequestCacheAwareFilter@7197a927, org.springframework.security.web.servletapi.SecurityContextHolderAwareRequestFilter@18c01965, org.springframework.security.web.authentication.AnonymousAuthenticationFilter@f958b6a, org.springframework.security.web.session.SessionManagementFilter@1bd6b3bb, org.springframework.security.web.access.ExceptionTranslationFilter@126a74b0, org.springframework.security.web.access.intercept.FilterSecurityInterceptor@65c57b9]
2022-06-03 02:19:08.220  INFO 19676 --- [restartedMain] o.s.s.concurrent.ThreadPoolTaskExecutor  : Initializing ExecutorService 'applicationTaskExecutor'
2022-06-03 02:19:08.235  INFO 19676 --- [restartedMain] o.s.b.a.w.s.WelcomePageHandlerMapping    : Adding welcome page template: index
2022-06-03 02:19:08.436  INFO 19676 --- [restartedMain] o.s.s.c.ThreadPoolTaskScheduler          : Initializing ExecutorService 'taskScheduler'
2022-06-03 02:19:08.460  WARN 19676 --- [restartedMain] org.thymeleaf.templatemode.TemplateMode  : [THYMELEAF][restartedMain] Template Mode 'LEGACYHTML5' is deprecated. Using Template Mode 'HTML' instead.
2022-06-03 02:19:08.614  INFO 19676 --- [restartedMain] d.s.w.p.DocumentationPluginsBootstrapper : Context refreshed
2022-06-03 02:19:08.616  INFO 19676 --- [restartedMain] d.s.w.p.DocumentationPluginsBootstrapper : Found 1 custom documentation plugin(s)
2022-06-03 02:19:08.628  INFO 19676 --- [restartedMain] s.d.s.w.s.ApiListingReferenceScanner     : Scanning for api listing references
2022-06-03 02:19:08.819  INFO 19676 --- [restartedMain] .d.s.w.r.o.CachingOperationNameGenerator : Generating unique operation named: deleteCatorayUsingDELETE_1
2022-06-03 02:19:09.619  INFO 19676 --- [restartedMain] .d.s.w.r.o.CachingOperationNameGenerator : Generating unique operation named: handleUsingGET_1
2022-06-03 02:19:09.623  INFO 19676 --- [restartedMain] .d.s.w.r.o.CachingOperationNameGenerator : Generating unique operation named: handleUsingGET_2
2022-06-03 02:19:09.627  INFO 19676 --- [restartedMain] .d.s.w.r.o.CachingOperationNameGenerator : Generating unique operation named: handleUsingGET_3
2022-06-03 02:19:09.879  INFO 19676 --- [restartedMain] .d.s.w.r.o.CachingOperationNameGenerator : Generating unique operation named: deletePlanUsingDELETE_1
2022-06-03 02:19:10.133  INFO 19676 --- [restartedMain] .d.s.w.r.o.CachingOperationNameGenerator : Generating unique operation named: getRentMovieByIdUsingGET_1
2022-06-03 02:19:10.148  INFO 19676 --- [restartedMain] .d.s.w.r.o.CachingOperationNameGenerator : Generating unique operation named: updateRentMovieUsingPATCH_1
2022-06-03 02:19:10.164  INFO 19676 --- [restartedMain] .d.s.w.r.o.CachingOperationNameGenerator : Generating unique operation named: addAppUpdateUsingPOST_1
2022-06-03 02:19:10.168  INFO 19676 --- [restartedMain] .d.s.w.r.o.CachingOperationNameGenerator : Generating unique operation named: addToDashBoardUsingPOST_1
2022-06-03 02:19:10.171  INFO 19676 --- [restartedMain] .d.s.w.r.o.CachingOperationNameGenerator : Generating unique operation named: deleteAllUsingDELETE_1
2022-06-03 02:19:10.176  INFO 19676 --- [restartedMain] .d.s.w.r.o.CachingOperationNameGenerator : Generating unique operation named: deleteSingleDashUsingDELETE_1
2022-06-03 02:19:10.186  INFO 19676 --- [restartedMain] .d.s.w.r.o.CachingOperationNameGenerator : Generating unique operation named: getByListHelpUsingGET_1
2022-06-03 02:19:10.199  INFO 19676 --- [restartedMain] .d.s.w.r.o.CachingOperationNameGenerator : Generating unique operation named: getDashBoardUsingGET_1
2022-06-03 02:19:10.369  INFO 19676 --- [restartedMain] .d.s.w.r.o.CachingOperationNameGenerator : Generating unique operation named: deleteTransctionUsingDELETE_1
2022-06-03 02:19:10.679  INFO 19676 --- [restartedMain] .d.s.w.r.o.CachingOperationNameGenerator : Generating unique operation named: SyncAllUserUsingPATCH_1
2022-06-03 02:19:10.820  INFO 19676 --- [restartedMain] .d.s.w.r.o.CachingOperationNameGenerator : Generating unique operation named: addSingleVideoUsingPOST_1
2022-06-03 02:19:11.138  INFO 19676 --- [restartedMain] o.s.b.w.embedded.tomcat.TomcatWebServer  : Tomcat started on port(s): 8886 (http) with context path ''
2022-06-03 02:19:11.140  INFO 19676 --- [restartedMain] com.gamotrance.OTT.OttApplication        : Started OttApplication in 10.801 seconds (JVM running for 329.918)
2022-06-03 02:19:11.148 DEBUG 19676 --- [restartedMain] o.s.data.mongodb.core.MongoTemplate      : find using query: { "role" : "ADMIN" } fields: Document{{}} for class: class com.gamotrance.OTT.Model.Role in collection: roles
2022-06-03 02:19:11.159 DEBUG 19676 --- [restartedMain] o.s.data.mongodb.core.MongoTemplate      : find using query: { "role" : "USER" } fields: Document{{}} for class: class com.gamotrance.OTT.Model.Role in collection: roles
2022-06-03 02:19:11.167  INFO 19676 --- [restartedMain] .ConditionEvaluationDeltaLoggingListener : Condition evaluation unchanged
2022-06-03 02:20:40.552  INFO 19676 --- [Thread-9] o.s.s.c.ThreadPoolTaskScheduler          : Shutting down ExecutorService 'taskScheduler'
2022-06-03 02:20:40.555  INFO 19676 --- [Thread-9] o.s.s.concurrent.ThreadPoolTaskExecutor  : Shutting down ExecutorService 'applicationTaskExecutor'
2022-06-03 02:20:40.583  INFO 19676 --- [Thread-9] org.mongodb.driver.connection            : Closed connection [connectionId{localValue:4, serverValue:4}] to 127.0.0.1:27017 because the pool has been closed.
2022-06-03 02:20:41.010  INFO 19676 --- [restartedMain] com.gamotrance.OTT.OttApplication        : Starting OttApplication on LAPTOP-EPUDMUJ9 with PID 19676 (D:\NewSpring\mainOTT\OTT\target\classes started by Santosh Sharma in D:\NewSpring\mainOTT\OTT)
2022-06-03 02:20:41.011  INFO 19676 --- [restartedMain] com.gamotrance.OTT.OttApplication        : No active profile set, falling back to default profiles: default
2022-06-03 02:20:42.495  INFO 19676 --- [restartedMain] .s.d.r.c.RepositoryConfigurationDelegate : Multiple Spring Data modules found, entering strict repository configuration mode!
2022-06-03 02:20:42.498  INFO 19676 --- [restartedMain] .s.d.r.c.RepositoryConfigurationDelegate : Bootstrapping Spring Data repositories in DEFAULT mode.
2022-06-03 02:20:42.682  INFO 19676 --- [restartedMain] .s.d.r.c.RepositoryConfigurationDelegate : Finished Spring Data repository scanning in 183ms. Found 32 repository interfaces.
2022-06-03 02:20:42.942  INFO 19676 --- [restartedMain] .s.d.r.c.RepositoryConfigurationDelegate : Multiple Spring Data modules found, entering strict repository configuration mode!
2022-06-03 02:20:42.943  INFO 19676 --- [restartedMain] .s.d.r.c.RepositoryConfigurationDelegate : Bootstrapping Spring Data repositories in DEFAULT mode.
2022-06-03 02:20:42.972  INFO 19676 --- [restartedMain] .RepositoryConfigurationExtensionSupport : Spring Data Redis - Could not safely identify store assignment for repository candidate interface com.gamotrance.OTT.Doa.AppUpdateRepo.
2022-06-03 02:20:42.973  INFO 19676 --- [restartedMain] .RepositoryConfigurationExtensionSupport : Spring Data Redis - Could not safely identify store assignment for repository candidate interface com.gamotrance.OTT.Doa.CatogaryRepo.
2022-06-03 02:20:42.974  INFO 19676 --- [restartedMain] .RepositoryConfigurationExtensionSupport : Spring Data Redis - Could not safely identify store assignment for repository candidate interface com.gamotrance.OTT.Doa.ChannelRepo.
2022-06-03 02:20:42.974  INFO 19676 --- [restartedMain] .RepositoryConfigurationExtensionSupport : Spring Data Redis - Could not safely identify store assignment for repository candidate interface com.gamotrance.OTT.Doa.ContVideoRepo.
2022-06-03 02:20:42.975  INFO 19676 --- [restartedMain] .RepositoryConfigurationExtensionSupport : Spring Data Redis - Could not safely identify store assignment for repository candidate interface com.gamotrance.OTT.Doa.CountryVideoDecodRepo.
2022-06-03 02:20:42.976  INFO 19676 --- [restartedMain] .RepositoryConfigurationExtensionSupport : Spring Data Redis - Could not safely identify store assignment for repository candidate interface com.gamotrance.OTT.Doa.DBannerRepo.
2022-06-03 02:20:42.976  INFO 19676 --- [restartedMain] .RepositoryConfigurationExtensionSupport : Spring Data Redis - Could not safely identify store assignment for repository candidate interface com.gamotrance.OTT.Doa.DisLikeRepo.
2022-06-03 02:20:42.977  INFO 19676 --- [restartedMain] .RepositoryConfigurationExtensionSupport : Spring Data Redis - Could not safely identify store assignment for repository candidate interface com.gamotrance.OTT.Doa.FavouriteRepo.
2022-06-03 02:20:42.977  INFO 19676 --- [restartedMain] .RepositoryConfigurationExtensionSupport : Spring Data Redis - Could not safely identify store assignment for repository candidate interface com.gamotrance.OTT.Doa.HelpRepo.
2022-06-03 02:20:42.978  INFO 19676 --- [restartedMain] .RepositoryConfigurationExtensionSupport : Spring Data Redis - Could not safely identify store assignment for repository candidate interface com.gamotrance.OTT.Doa.HomePagerContainRepo.
2022-06-03 02:20:42.979  INFO 19676 --- [restartedMain] .RepositoryConfigurationExtensionSupport : Spring Data Redis - Could not safely identify store assignment for repository candidate interface com.gamotrance.OTT.Doa.LikesRepo.
2022-06-03 02:20:42.979  INFO 19676 --- [restartedMain] .RepositoryConfigurationExtensionSupport : Spring Data Redis - Could not safely identify store assignment for repository candidate interface com.gamotrance.OTT.Doa.OtpRepo.
2022-06-03 02:20:42.979  INFO 19676 --- [restartedMain] .RepositoryConfigurationExtensionSupport : Spring Data Redis - Could not safely identify store assignment for repository candidate interface com.gamotrance.OTT.Doa.PaymentMethodRepo.
2022-06-03 02:20:42.980  INFO 19676 --- [restartedMain] .RepositoryConfigurationExtensionSupport : Spring Data Redis - Could not safely identify store assignment for repository candidate interface com.gamotrance.OTT.Doa.PlanRepo.
2022-06-03 02:20:42.980  INFO 19676 --- [restartedMain] .RepositoryConfigurationExtensionSupport : Spring Data Redis - Could not safely identify store assignment for repository candidate interface com.gamotrance.OTT.Doa.RemindMeRepo.
2022-06-03 02:20:42.981  INFO 19676 --- [restartedMain] .RepositoryConfigurationExtensionSupport : Spring Data Redis - Could not safely identify store assignment for repository candidate interface com.gamotrance.OTT.Doa.RentAccessRepo.
2022-06-03 02:20:42.981  INFO 19676 --- [restartedMain] .RepositoryConfigurationExtensionSupport : Spring Data Redis - Could not safely identify store assignment for repository candidate interface com.gamotrance.OTT.Doa.RentVideoRepo.
2022-06-03 02:20:42.981  INFO 19676 --- [restartedMain] .RepositoryConfigurationExtensionSupport : Spring Data Redis - Could not safely identify store assignment for repository candidate interface com.gamotrance.OTT.Doa.RoleRepository.
2022-06-03 02:20:42.982  INFO 19676 --- [restartedMain] .RepositoryConfigurationExtensionSupport : Spring Data Redis - Could not safely identify store assignment for repository candidate interface com.gamotrance.OTT.Doa.RowVideoRepo.
2022-06-03 02:20:42.982  INFO 19676 --- [restartedMain] .RepositoryConfigurationExtensionSupport : Spring Data Redis - Could not safely identify store assignment for repository candidate interface com.gamotrance.OTT.Doa.SingleVideoRepo.
2022-06-03 02:20:42.982  INFO 19676 --- [restartedMain] .RepositoryConfigurationExtensionSupport : Spring Data Redis - Could not safely identify store assignment for repository candidate interface com.gamotrance.OTT.Doa.StoryDoa.
2022-06-03 02:20:42.983  INFO 19676 --- [restartedMain] .RepositoryConfigurationExtensionSupport : Spring Data Redis - Could not safely identify store assignment for repository candidate interface com.gamotrance.OTT.Doa.TodoRepository.
2022-06-03 02:20:42.984  INFO 19676 --- [restartedMain] .RepositoryConfigurationExtensionSupport : Spring Data Redis - Could not safely identify store assignment for repository candidate interface com.gamotrance.OTT.Doa.TransctionFieldRepo.
2022-06-03 02:20:42.984  INFO 19676 --- [restartedMain] .RepositoryConfigurationExtensionSupport : Spring Data Redis - Could not safely identify store assignment for repository candidate interface com.gamotrance.OTT.Doa.TransctionRepo.
2022-06-03 02:20:42.985  INFO 19676 --- [restartedMain] .RepositoryConfigurationExtensionSupport : Spring Data Redis - Could not safely identify store assignment for repository candidate interface com.gamotrance.OTT.Doa.UpiConstantRepo.
2022-06-03 02:20:42.986  INFO 19676 --- [restartedMain] .RepositoryConfigurationExtensionSupport : Spring Data Redis - Could not safely identify store assignment for repository candidate interface com.gamotrance.OTT.Doa.UserFcmTokenRepo.
2022-06-03 02:20:42.986  INFO 19676 --- [restartedMain] .RepositoryConfigurationExtensionSupport : Spring Data Redis - Could not safely identify store assignment for repository candidate interface com.gamotrance.OTT.Doa.UserNotifRepo.
2022-06-03 02:20:42.987  INFO 19676 --- [restartedMain] .RepositoryConfigurationExtensionSupport : Spring Data Redis - Could not safely identify store assignment for repository candidate interface com.gamotrance.OTT.Doa.UserRepo.
2022-06-03 02:20:42.988  INFO 19676 --- [restartedMain] .RepositoryConfigurationExtensionSupport : Spring Data Redis - Could not safely identify store assignment for repository candidate interface com.gamotrance.OTT.Doa.UserViewRepo.
2022-06-03 02:20:42.988  INFO 19676 --- [restartedMain] .RepositoryConfigurationExtensionSupport : Spring Data Redis - Could not safely identify store assignment for repository candidate interface com.gamotrance.OTT.Doa.VideoCatListRepo.
2022-06-03 02:20:42.988  INFO 19676 --- [restartedMain] .RepositoryConfigurationExtensionSupport : Spring Data Redis - Could not safely identify store assignment for repository candidate interface com.gamotrance.OTT.Doa.WalletRepo.
2022-06-03 02:20:42.988  INFO 19676 --- [restartedMain] .RepositoryConfigurationExtensionSupport : Spring Data Redis - Could not safely identify store assignment for repository candidate interface com.gamotrance.OTT.Doa.WatchListRepo.
2022-06-03 02:20:42.988  INFO 19676 --- [restartedMain] .s.d.r.c.RepositoryConfigurationDelegate : Finished Spring Data repository scanning in 45ms. Found 0 repository interfaces.
2022-06-03 02:20:43.337  INFO 19676 --- [restartedMain] o.s.b.w.embedded.tomcat.TomcatWebServer  : Tomcat initialized with port(s): 8886 (http)
2022-06-03 02:20:43.339  INFO 19676 --- [restartedMain] o.apache.catalina.core.StandardService   : Starting service [Tomcat]
2022-06-03 02:20:43.340  INFO 19676 --- [restartedMain] org.apache.catalina.core.StandardEngine  : Starting Servlet engine: [Apache Tomcat/9.0.22]
2022-06-03 02:20:43.463  INFO 19676 --- [restartedMain] o.a.c.c.C.[Tomcat].[localhost].[/]       : Initializing Spring embedded WebApplicationContext
2022-06-03 02:20:43.463  INFO 19676 --- [restartedMain] o.s.web.context.ContextLoader            : Root WebApplicationContext: initialization completed in 2446 ms
2022-06-03 02:20:43.689  INFO 19676 --- [restartedMain] org.mongodb.driver.cluster               : Cluster created with settings {hosts=[127.0.0.1:27017], mode=SINGLE, requiredClusterType=UNKNOWN, serverSelectionTimeout='30000 ms', maxWaitQueueSize=500}
2022-06-03 02:20:43.698  INFO 19676 --- [cluster-ClusterId{value='629922a3511d034cdc8a0a9f', description='null'}-127.0.0.1:27017] org.mongodb.driver.connection            : Opened connection [connectionId{localValue:5, serverValue:5}] to 127.0.0.1:27017
2022-06-03 02:20:43.702  INFO 19676 --- [cluster-ClusterId{value='629922a3511d034cdc8a0a9f', description='null'}-127.0.0.1:27017] org.mongodb.driver.cluster               : Monitor thread successfully connected to server with description ServerDescription{address=127.0.0.1:27017, type=STANDALONE, state=CONNECTED, ok=true, version=ServerVersion{versionList=[5, 0, 2]}, minWireVersion=0, maxWireVersion=13, maxDocumentSize=16777216, logicalSessionTimeoutMinutes=30, roundTripTimeNanos=1074900}
2022-06-03 02:20:43.826  INFO 19676 --- [restartedMain] c.g.OTT.configs.SimpleCORSFilter         : SimpleCORSFilter init
2022-06-03 02:20:43.913  INFO 19676 --- [restartedMain] o.s.b.d.a.OptionalLiveReloadServer       : LiveReload server is running on port 35729
2022-06-03 02:20:44.084  INFO 19676 --- [restartedMain] org.mongodb.driver.connection            : Opened connection [connectionId{localValue:6, serverValue:6}] to 127.0.0.1:27017
2022-06-03 02:20:45.862  INFO 19676 --- [restartedMain] o.s.b.a.e.web.EndpointLinksResolver      : Exposing 2 endpoint(s) beneath base path '/actuator'
2022-06-03 02:20:45.926  WARN 19676 --- [restartedMain] org.thymeleaf.templatemode.TemplateMode  : [THYMELEAF][restartedMain] Template Mode 'HTML5' is deprecated. Using Template Mode 'HTML' instead.
2022-06-03 02:20:45.928  WARN 19676 --- [restartedMain] org.thymeleaf.templatemode.TemplateMode  : [THYMELEAF][restartedMain] Template Mode 'HTML5' is deprecated. Using Template Mode 'HTML' instead.
2022-06-03 02:20:45.999  INFO 19676 --- [restartedMain] o.s.s.web.DefaultSecurityFilterChain     : Creating filter chain: Ant [pattern='/swagger-resources/**'], []
2022-06-03 02:20:46.001  INFO 19676 --- [restartedMain] o.s.s.web.DefaultSecurityFilterChain     : Creating filter chain: Ant [pattern='/swagger-ui.html/**'], []
2022-06-03 02:20:46.001  INFO 19676 --- [restartedMain] o.s.s.web.DefaultSecurityFilterChain     : Creating filter chain: Ant [pattern='/webjars/**'], []
2022-06-03 02:20:46.002  INFO 19676 --- [restartedMain] o.s.s.web.DefaultSecurityFilterChain     : Creating filter chain: Ant [pattern='/resources/**'], []
2022-06-03 02:20:46.002  INFO 19676 --- [restartedMain] o.s.s.web.DefaultSecurityFilterChain     : Creating filter chain: Ant [pattern='/static/**'], []
2022-06-03 02:20:46.003  INFO 19676 --- [restartedMain] o.s.s.web.DefaultSecurityFilterChain     : Creating filter chain: Ant [pattern='/css/**'], []
2022-06-03 02:20:46.003  INFO 19676 --- [restartedMain] o.s.s.web.DefaultSecurityFilterChain     : Creating filter chain: Ant [pattern='/js/**'], []
2022-06-03 02:20:46.004  INFO 19676 --- [restartedMain] o.s.s.web.DefaultSecurityFilterChain     : Creating filter chain: Ant [pattern='/images/**'], []
2022-06-03 02:20:46.037  INFO 19676 --- [restartedMain] o.s.s.web.DefaultSecurityFilterChain     : Creating filter chain: any request, [org.springframework.security.web.context.request.async.WebAsyncManagerIntegrationFilter@67481ce1, org.springframework.security.web.context.SecurityContextPersistenceFilter@5c774b46, org.springframework.security.web.header.HeaderWriterFilter@4d2226fd, org.springframework.security.web.authentication.logout.LogoutFilter@1835aec, org.springframework.security.web.savedrequest.RequestCacheAwareFilter@52140fea, org.springframework.security.web.servletapi.SecurityContextHolderAwareRequestFilter@e5dde9b, org.springframework.security.web.authentication.AnonymousAuthenticationFilter@15d124bd, org.springframework.security.web.session.SessionManagementFilter@1bf29468, org.springframework.security.web.access.ExceptionTranslationFilter@677d2200]
2022-06-03 02:20:46.295  INFO 19676 --- [restartedMain] o.s.s.concurrent.ThreadPoolTaskExecutor  : Initializing ExecutorService 'applicationTaskExecutor'
2022-06-03 02:20:46.359  INFO 19676 --- [restartedMain] o.s.b.a.w.s.WelcomePageHandlerMapping    : Adding welcome page template: index
2022-06-03 02:20:46.860  INFO 19676 --- [restartedMain] o.s.s.c.ThreadPoolTaskScheduler          : Initializing ExecutorService 'taskScheduler'
2022-06-03 02:20:46.889  WARN 19676 --- [restartedMain] org.thymeleaf.templatemode.TemplateMode  : [THYMELEAF][restartedMain] Template Mode 'LEGACYHTML5' is deprecated. Using Template Mode 'HTML' instead.
2022-06-03 02:20:47.081  INFO 19676 --- [restartedMain] d.s.w.p.DocumentationPluginsBootstrapper : Context refreshed
2022-06-03 02:20:47.084  INFO 19676 --- [restartedMain] d.s.w.p.DocumentationPluginsBootstrapper : Found 1 custom documentation plugin(s)
2022-06-03 02:20:47.091  INFO 19676 --- [restartedMain] s.d.s.w.s.ApiListingReferenceScanner     : Scanning for api listing references
2022-06-03 02:20:47.180  INFO 19676 --- [restartedMain] .d.s.w.r.o.CachingOperationNameGenerator : Generating unique operation named: deleteCatorayUsingDELETE_1
2022-06-03 02:20:47.599  INFO 19676 --- [restartedMain] .d.s.w.r.o.CachingOperationNameGenerator : Generating unique operation named: handleUsingGET_1
2022-06-03 02:20:47.601  INFO 19676 --- [restartedMain] .d.s.w.r.o.CachingOperationNameGenerator : Generating unique operation named: handleUsingGET_2
2022-06-03 02:20:47.603  INFO 19676 --- [restartedMain] .d.s.w.r.o.CachingOperationNameGenerator : Generating unique operation named: handleUsingGET_3
2022-06-03 02:20:47.687  INFO 19676 --- [restartedMain] .d.s.w.r.o.CachingOperationNameGenerator : Generating unique operation named: deletePlanUsingDELETE_1
2022-06-03 02:20:47.788  INFO 19676 --- [restartedMain] .d.s.w.r.o.CachingOperationNameGenerator : Generating unique operation named: getRentMovieByIdUsingGET_1
2022-06-03 02:20:47.800  INFO 19676 --- [restartedMain] .d.s.w.r.o.CachingOperationNameGenerator : Generating unique operation named: updateRentMovieUsingPATCH_1
2022-06-03 02:20:47.811  INFO 19676 --- [restartedMain] .d.s.w.r.o.CachingOperationNameGenerator : Generating unique operation named: addAppUpdateUsingPOST_1
2022-06-03 02:20:47.813  INFO 19676 --- [restartedMain] .d.s.w.r.o.CachingOperationNameGenerator : Generating unique operation named: addToDashBoardUsingPOST_1
2022-06-03 02:20:47.815  INFO 19676 --- [restartedMain] .d.s.w.r.o.CachingOperationNameGenerator : Generating unique operation named: deleteAllUsingDELETE_1
2022-06-03 02:20:47.820  INFO 19676 --- [restartedMain] .d.s.w.r.o.CachingOperationNameGenerator : Generating unique operation named: deleteSingleDashUsingDELETE_1
2022-06-03 02:20:47.830  INFO 19676 --- [restartedMain] .d.s.w.r.o.CachingOperationNameGenerator : Generating unique operation named: getByListHelpUsingGET_1
2022-06-03 02:20:47.842  INFO 19676 --- [restartedMain] .d.s.w.r.o.CachingOperationNameGenerator : Generating unique operation named: getDashBoardUsingGET_1
2022-06-03 02:20:47.967  INFO 19676 --- [restartedMain] .d.s.w.r.o.CachingOperationNameGenerator : Generating unique operation named: deleteTransctionUsingDELETE_1
2022-06-03 02:20:48.286  INFO 19676 --- [restartedMain] .d.s.w.r.o.CachingOperationNameGenerator : Generating unique operation named: SyncAllUserUsingPATCH_1
2022-06-03 02:20:48.353  INFO 19676 --- [restartedMain] .d.s.w.r.o.CachingOperationNameGenerator : Generating unique operation named: addSingleVideoUsingPOST_1
2022-06-03 02:20:48.600  INFO 19676 --- [restartedMain] o.s.b.w.embedded.tomcat.TomcatWebServer  : Tomcat started on port(s): 8886 (http) with context path ''
2022-06-03 02:20:48.602  INFO 19676 --- [restartedMain] com.gamotrance.OTT.OttApplication        : Started OttApplication in 7.678 seconds (JVM running for 427.38)
2022-06-03 02:20:48.608 DEBUG 19676 --- [restartedMain] o.s.data.mongodb.core.MongoTemplate      : find using query: { "role" : "ADMIN" } fields: Document{{}} for class: class com.gamotrance.OTT.Model.Role in collection: roles
2022-06-03 02:20:48.617 DEBUG 19676 --- [restartedMain] o.s.data.mongodb.core.MongoTemplate      : find using query: { "role" : "USER" } fields: Document{{}} for class: class com.gamotrance.OTT.Model.Role in collection: roles
2022-06-03 02:20:48.621  INFO 19676 --- [restartedMain] .ConditionEvaluationDeltaLoggingListener : Condition evaluation unchanged
2022-06-03 02:21:13.431  INFO 19676 --- [Thread-15] o.s.s.c.ThreadPoolTaskScheduler          : Shutting down ExecutorService 'taskScheduler'
2022-06-03 02:21:13.432  INFO 19676 --- [Thread-15] o.s.s.concurrent.ThreadPoolTaskExecutor  : Shutting down ExecutorService 'applicationTaskExecutor'
2022-06-03 02:21:13.434  INFO 19676 --- [Thread-15] org.mongodb.driver.connection            : Closed connection [connectionId{localValue:6, serverValue:6}] to 127.0.0.1:27017 because the pool has been closed.
2022-06-03 02:21:13.589  INFO 19676 --- [restartedMain] com.gamotrance.OTT.OttApplication        : Starting OttApplication on LAPTOP-EPUDMUJ9 with PID 19676 (D:\NewSpring\mainOTT\OTT\target\classes started by Santosh Sharma in D:\NewSpring\mainOTT\OTT)
2022-06-03 02:21:13.590  INFO 19676 --- [restartedMain] com.gamotrance.OTT.OttApplication        : No active profile set, falling back to default profiles: default
2022-06-03 02:21:14.118  INFO 19676 --- [restartedMain] .s.d.r.c.RepositoryConfigurationDelegate : Multiple Spring Data modules found, entering strict repository configuration mode!
2022-06-03 02:21:14.119  INFO 19676 --- [restartedMain] .s.d.r.c.RepositoryConfigurationDelegate : Bootstrapping Spring Data repositories in DEFAULT mode.
2022-06-03 02:21:14.179  INFO 19676 --- [restartedMain] .s.d.r.c.RepositoryConfigurationDelegate : Finished Spring Data repository scanning in 60ms. Found 32 repository interfaces.
2022-06-03 02:21:14.256  INFO 19676 --- [restartedMain] .s.d.r.c.RepositoryConfigurationDelegate : Multiple Spring Data modules found, entering strict repository configuration mode!
2022-06-03 02:21:14.256  INFO 19676 --- [restartedMain] .s.d.r.c.RepositoryConfigurationDelegate : Bootstrapping Spring Data repositories in DEFAULT mode.
2022-06-03 02:21:14.267  INFO 19676 --- [restartedMain] .RepositoryConfigurationExtensionSupport : Spring Data Redis - Could not safely identify store assignment for repository candidate interface com.gamotrance.OTT.Doa.AppUpdateRepo.
2022-06-03 02:21:14.267  INFO 19676 --- [restartedMain] .RepositoryConfigurationExtensionSupport : Spring Data Redis - Could not safely identify store assignment for repository candidate interface com.gamotrance.OTT.Doa.CatogaryRepo.
2022-06-03 02:21:14.267  INFO 19676 --- [restartedMain] .RepositoryConfigurationExtensionSupport : Spring Data Redis - Could not safely identify store assignment for repository candidate interface com.gamotrance.OTT.Doa.ChannelRepo.
2022-06-03 02:21:14.267  INFO 19676 --- [restartedMain] .RepositoryConfigurationExtensionSupport : Spring Data Redis - Could not safely identify store assignment for repository candidate interface com.gamotrance.OTT.Doa.ContVideoRepo.
2022-06-03 02:21:14.267  INFO 19676 --- [restartedMain] .RepositoryConfigurationExtensionSupport : Spring Data Redis - Could not safely identify store assignment for repository candidate interface com.gamotrance.OTT.Doa.CountryVideoDecodRepo.
2022-06-03 02:21:14.267  INFO 19676 --- [restartedMain] .RepositoryConfigurationExtensionSupport : Spring Data Redis - Could not safely identify store assignment for repository candidate interface com.gamotrance.OTT.Doa.DBannerRepo.
2022-06-03 02:21:14.267  INFO 19676 --- [restartedMain] .RepositoryConfigurationExtensionSupport : Spring Data Redis - Could not safely identify store assignment for repository candidate interface com.gamotrance.OTT.Doa.DisLikeRepo.
2022-06-03 02:21:14.267  INFO 19676 --- [restartedMain] .RepositoryConfigurationExtensionSupport : Spring Data Redis - Could not safely identify store assignment for repository candidate interface com.gamotrance.OTT.Doa.FavouriteRepo.
2022-06-03 02:21:14.267  INFO 19676 --- [restartedMain] .RepositoryConfigurationExtensionSupport : Spring Data Redis - Could not safely identify store assignment for repository candidate interface com.gamotrance.OTT.Doa.HelpRepo.
2022-06-03 02:21:14.268  INFO 19676 --- [restartedMain] .RepositoryConfigurationExtensionSupport : Spring Data Redis - Could not safely identify store assignment for repository candidate interface com.gamotrance.OTT.Doa.HomePagerContainRepo.
2022-06-03 02:21:14.268  INFO 19676 --- [restartedMain] .RepositoryConfigurationExtensionSupport : Spring Data Redis - Could not safely identify store assignment for repository candidate interface com.gamotrance.OTT.Doa.LikesRepo.
2022-06-03 02:21:14.268  INFO 19676 --- [restartedMain] .RepositoryConfigurationExtensionSupport : Spring Data Redis - Could not safely identify store assignment for repository candidate interface com.gamotrance.OTT.Doa.OtpRepo.
2022-06-03 02:21:14.268  INFO 19676 --- [restartedMain] .RepositoryConfigurationExtensionSupport : Spring Data Redis - Could not safely identify store assignment for repository candidate interface com.gamotrance.OTT.Doa.PaymentMethodRepo.
2022-06-03 02:21:14.268  INFO 19676 --- [restartedMain] .RepositoryConfigurationExtensionSupport : Spring Data Redis - Could not safely identify store assignment for repository candidate interface com.gamotrance.OTT.Doa.PlanRepo.
2022-06-03 02:21:14.268  INFO 19676 --- [restartedMain] .RepositoryConfigurationExtensionSupport : Spring Data Redis - Could not safely identify store assignment for repository candidate interface com.gamotrance.OTT.Doa.RemindMeRepo.
2022-06-03 02:21:14.268  INFO 19676 --- [restartedMain] .RepositoryConfigurationExtensionSupport : Spring Data Redis - Could not safely identify store assignment for repository candidate interface com.gamotrance.OTT.Doa.RentAccessRepo.
2022-06-03 02:21:14.268  INFO 19676 --- [restartedMain] .RepositoryConfigurationExtensionSupport : Spring Data Redis - Could not safely identify store assignment for repository candidate interface com.gamotrance.OTT.Doa.RentVideoRepo.
2022-06-03 02:21:14.268  INFO 19676 --- [restartedMain] .RepositoryConfigurationExtensionSupport : Spring Data Redis - Could not safely identify store assignment for repository candidate interface com.gamotrance.OTT.Doa.RoleRepository.
2022-06-03 02:21:14.268  INFO 19676 --- [restartedMain] .RepositoryConfigurationExtensionSupport : Spring Data Redis - Could not safely identify store assignment for repository candidate interface com.gamotrance.OTT.Doa.RowVideoRepo.
2022-06-03 02:21:14.269  INFO 19676 --- [restartedMain] .RepositoryConfigurationExtensionSupport : Spring Data Redis - Could not safely identify store assignment for repository candidate interface com.gamotrance.OTT.Doa.SingleVideoRepo.
2022-06-03 02:21:14.269  INFO 19676 --- [restartedMain] .RepositoryConfigurationExtensionSupport : Spring Data Redis - Could not safely identify store assignment for repository candidate interface com.gamotrance.OTT.Doa.StoryDoa.
2022-06-03 02:21:14.269  INFO 19676 --- [restartedMain] .RepositoryConfigurationExtensionSupport : Spring Data Redis - Could not safely identify store assignment for repository candidate interface com.gamotrance.OTT.Doa.TodoRepository.
2022-06-03 02:21:14.269  INFO 19676 --- [restartedMain] .RepositoryConfigurationExtensionSupport : Spring Data Redis - Could not safely identify store assignment for repository candidate interface com.gamotrance.OTT.Doa.TransctionFieldRepo.
2022-06-03 02:21:14.269  INFO 19676 --- [restartedMain] .RepositoryConfigurationExtensionSupport : Spring Data Redis - Could not safely identify store assignment for repository candidate interface com.gamotrance.OTT.Doa.TransctionRepo.
2022-06-03 02:21:14.269  INFO 19676 --- [restartedMain] .RepositoryConfigurationExtensionSupport : Spring Data Redis - Could not safely identify store assignment for repository candidate interface com.gamotrance.OTT.Doa.UpiConstantRepo.
2022-06-03 02:21:14.269  INFO 19676 --- [restartedMain] .RepositoryConfigurationExtensionSupport : Spring Data Redis - Could not safely identify store assignment for repository candidate interface com.gamotrance.OTT.Doa.UserFcmTokenRepo.
2022-06-03 02:21:14.269  INFO 19676 --- [restartedMain] .RepositoryConfigurationExtensionSupport : Spring Data Redis - Could not safely identify store assignment for repository candidate interface com.gamotrance.OTT.Doa.UserNotifRepo.
2022-06-03 02:21:14.270  INFO 19676 --- [restartedMain] .RepositoryConfigurationExtensionSupport : Spring Data Redis - Could not safely identify store assignment for repository candidate interface com.gamotrance.OTT.Doa.UserRepo.
2022-06-03 02:21:14.270  INFO 19676 --- [restartedMain] .RepositoryConfigurationExtensionSupport : Spring Data Redis - Could not safely identify store assignment for repository candidate interface com.gamotrance.OTT.Doa.UserViewRepo.
2022-06-03 02:21:14.270  INFO 19676 --- [restartedMain] .RepositoryConfigurationExtensionSupport : Spring Data Redis - Could not safely identify store assignment for repository candidate interface com.gamotrance.OTT.Doa.VideoCatListRepo.
2022-06-03 02:21:14.270  INFO 19676 --- [restartedMain] .RepositoryConfigurationExtensionSupport : Spring Data Redis - Could not safely identify store assignment for repository candidate interface com.gamotrance.OTT.Doa.WalletRepo.
2022-06-03 02:21:14.270  INFO 19676 --- [restartedMain] .RepositoryConfigurationExtensionSupport : Spring Data Redis - Could not safely identify store assignment for repository candidate interface com.gamotrance.OTT.Doa.WatchListRepo.
2022-06-03 02:21:14.270  INFO 19676 --- [restartedMain] .s.d.r.c.RepositoryConfigurationDelegate : Finished Spring Data repository scanning in 13ms. Found 0 repository interfaces.
2022-06-03 02:21:14.558  INFO 19676 --- [restartedMain] o.s.b.w.embedded.tomcat.TomcatWebServer  : Tomcat initialized with port(s): 8887 (http)
2022-06-03 02:21:14.561  INFO 19676 --- [restartedMain] o.apache.catalina.core.StandardService   : Starting service [Tomcat]
2022-06-03 02:21:14.562  INFO 19676 --- [restartedMain] org.apache.catalina.core.StandardEngine  : Starting Servlet engine: [Apache Tomcat/9.0.22]
2022-06-03 02:21:14.681  INFO 19676 --- [restartedMain] o.a.c.c.C.[Tomcat].[localhost].[/]       : Initializing Spring embedded WebApplicationContext
2022-06-03 02:21:14.681  INFO 19676 --- [restartedMain] o.s.web.context.ContextLoader            : Root WebApplicationContext: initialization completed in 1089 ms
2022-06-03 02:21:14.892  INFO 19676 --- [restartedMain] org.mongodb.driver.cluster               : Cluster created with settings {hosts=[127.0.0.1:27017], mode=SINGLE, requiredClusterType=UNKNOWN, serverSelectionTimeout='30000 ms', maxWaitQueueSize=500}
2022-06-03 02:21:14.902  INFO 19676 --- [cluster-ClusterId{value='629922c2511d034cdc8a0aa0', description='null'}-127.0.0.1:27017] org.mongodb.driver.connection            : Opened connection [connectionId{localValue:7, serverValue:7}] to 127.0.0.1:27017
2022-06-03 02:21:14.906  INFO 19676 --- [cluster-ClusterId{value='629922c2511d034cdc8a0aa0', description='null'}-127.0.0.1:27017] org.mongodb.driver.cluster               : Monitor thread successfully connected to server with description ServerDescription{address=127.0.0.1:27017, type=STANDALONE, state=CONNECTED, ok=true, version=ServerVersion{versionList=[5, 0, 2]}, minWireVersion=0, maxWireVersion=13, maxDocumentSize=16777216, logicalSessionTimeoutMinutes=30, roundTripTimeNanos=1180000}
2022-06-03 02:21:15.023  INFO 19676 --- [restartedMain] c.g.OTT.configs.SimpleCORSFilter         : SimpleCORSFilter init
2022-06-03 02:21:15.099  INFO 19676 --- [restartedMain] o.s.b.d.a.OptionalLiveReloadServer       : LiveReload server is running on port 35729
2022-06-03 02:21:15.252  INFO 19676 --- [restartedMain] org.mongodb.driver.connection            : Opened connection [connectionId{localValue:8, serverValue:8}] to 127.0.0.1:27017
2022-06-03 02:22:28.081  INFO 19604 --- [restartedMain] com.gamotrance.OTT.OttApplication        : Starting OttApplication on LAPTOP-EPUDMUJ9 with PID 19604 (D:\NewSpring\mainOTT\OTT\target\classes started by Santosh Sharma in D:\NewSpring\mainOTT\OTT)
2022-06-03 02:22:28.087  INFO 19604 --- [restartedMain] com.gamotrance.OTT.OttApplication        : No active profile set, falling back to default profiles: default
2022-06-03 02:22:28.848  INFO 19604 --- [restartedMain] .e.DevToolsPropertyDefaultsPostProcessor : Devtools property defaults active! Set 'spring.devtools.add-properties' to 'false' to disable
2022-06-03 02:22:28.849  INFO 19604 --- [restartedMain] .e.DevToolsPropertyDefaultsPostProcessor : For additional web related logging consider setting the 'logging.level.web' property to 'DEBUG'
2022-06-03 02:22:32.762  INFO 19604 --- [restartedMain] .s.d.r.c.RepositoryConfigurationDelegate : Multiple Spring Data modules found, entering strict repository configuration mode!
2022-06-03 02:22:32.763  INFO 19604 --- [restartedMain] .s.d.r.c.RepositoryConfigurationDelegate : Bootstrapping Spring Data repositories in DEFAULT mode.
2022-06-03 02:22:33.245  INFO 19604 --- [restartedMain] .s.d.r.c.RepositoryConfigurationDelegate : Finished Spring Data repository scanning in 467ms. Found 32 repository interfaces.
2022-06-03 02:22:34.089  INFO 19604 --- [restartedMain] .s.d.r.c.RepositoryConfigurationDelegate : Multiple Spring Data modules found, entering strict repository configuration mode!
2022-06-03 02:22:34.093  INFO 19604 --- [restartedMain] .s.d.r.c.RepositoryConfigurationDelegate : Bootstrapping Spring Data repositories in DEFAULT mode.
2022-06-03 02:22:34.159  INFO 19604 --- [restartedMain] .RepositoryConfigurationExtensionSupport : Spring Data Redis - Could not safely identify store assignment for repository candidate interface com.gamotrance.OTT.Doa.AppUpdateRepo.
2022-06-03 02:22:34.161  INFO 19604 --- [restartedMain] .RepositoryConfigurationExtensionSupport : Spring Data Redis - Could not safely identify store assignment for repository candidate interface com.gamotrance.OTT.Doa.CatogaryRepo.
2022-06-03 02:22:34.163  INFO 19604 --- [restartedMain] .RepositoryConfigurationExtensionSupport : Spring Data Redis - Could not safely identify store assignment for repository candidate interface com.gamotrance.OTT.Doa.ChannelRepo.
2022-06-03 02:22:34.165  INFO 19604 --- [restartedMain] .RepositoryConfigurationExtensionSupport : Spring Data Redis - Could not safely identify store assignment for repository candidate interface com.gamotrance.OTT.Doa.ContVideoRepo.
2022-06-03 02:22:34.167  INFO 19604 --- [restartedMain] .RepositoryConfigurationExtensionSupport : Spring Data Redis - Could not safely identify store assignment for repository candidate interface com.gamotrance.OTT.Doa.CountryVideoDecodRepo.
2022-06-03 02:22:34.168  INFO 19604 --- [restartedMain] .RepositoryConfigurationExtensionSupport : Spring Data Redis - Could not safely identify store assignment for repository candidate interface com.gamotrance.OTT.Doa.DBannerRepo.
2022-06-03 02:22:34.170  INFO 19604 --- [restartedMain] .RepositoryConfigurationExtensionSupport : Spring Data Redis - Could not safely identify store assignment for repository candidate interface com.gamotrance.OTT.Doa.DisLikeRepo.
2022-06-03 02:22:34.172  INFO 19604 --- [restartedMain] .RepositoryConfigurationExtensionSupport : Spring Data Redis - Could not safely identify store assignment for repository candidate interface com.gamotrance.OTT.Doa.FavouriteRepo.
2022-06-03 02:22:34.173  INFO 19604 --- [restartedMain] .RepositoryConfigurationExtensionSupport : Spring Data Redis - Could not safely identify store assignment for repository candidate interface com.gamotrance.OTT.Doa.HelpRepo.
2022-06-03 02:22:34.175  INFO 19604 --- [restartedMain] .RepositoryConfigurationExtensionSupport : Spring Data Redis - Could not safely identify store assignment for repository candidate interface com.gamotrance.OTT.Doa.HomePagerContainRepo.
2022-06-03 02:22:34.177  INFO 19604 --- [restartedMain] .RepositoryConfigurationExtensionSupport : Spring Data Redis - Could not safely identify store assignment for repository candidate interface com.gamotrance.OTT.Doa.LikesRepo.
2022-06-03 02:22:34.178  INFO 19604 --- [restartedMain] .RepositoryConfigurationExtensionSupport : Spring Data Redis - Could not safely identify store assignment for repository candidate interface com.gamotrance.OTT.Doa.OtpRepo.
2022-06-03 02:22:34.180  INFO 19604 --- [restartedMain] .RepositoryConfigurationExtensionSupport : Spring Data Redis - Could not safely identify store assignment for repository candidate interface com.gamotrance.OTT.Doa.PaymentMethodRepo.
2022-06-03 02:22:34.182  INFO 19604 --- [restartedMain] .RepositoryConfigurationExtensionSupport : Spring Data Redis - Could not safely identify store assignment for repository candidate interface com.gamotrance.OTT.Doa.PlanRepo.
2022-06-03 02:22:34.184  INFO 19604 --- [restartedMain] .RepositoryConfigurationExtensionSupport : Spring Data Redis - Could not safely identify store assignment for repository candidate interface com.gamotrance.OTT.Doa.RemindMeRepo.
2022-06-03 02:22:34.186  INFO 19604 --- [restartedMain] .RepositoryConfigurationExtensionSupport : Spring Data Redis - Could not safely identify store assignment for repository candidate interface com.gamotrance.OTT.Doa.RentAccessRepo.
2022-06-03 02:22:34.188  INFO 19604 --- [restartedMain] .RepositoryConfigurationExtensionSupport : Spring Data Redis - Could not safely identify store assignment for repository candidate interface com.gamotrance.OTT.Doa.RentVideoRepo.
2022-06-03 02:22:34.188  INFO 19604 --- [restartedMain] .RepositoryConfigurationExtensionSupport : Spring Data Redis - Could not safely identify store assignment for repository candidate interface com.gamotrance.OTT.Doa.RoleRepository.
2022-06-03 02:22:34.189  INFO 19604 --- [restartedMain] .RepositoryConfigurationExtensionSupport : Spring Data Redis - Could not safely identify store assignment for repository candidate interface com.gamotrance.OTT.Doa.RowVideoRepo.
2022-06-03 02:22:34.190  INFO 19604 --- [restartedMain] .RepositoryConfigurationExtensionSupport : Spring Data Redis - Could not safely identify store assignment for repository candidate interface com.gamotrance.OTT.Doa.SingleVideoRepo.
2022-06-03 02:22:34.191  INFO 19604 --- [restartedMain] .RepositoryConfigurationExtensionSupport : Spring Data Redis - Could not safely identify store assignment for repository candidate interface com.gamotrance.OTT.Doa.StoryDoa.
2022-06-03 02:22:34.194  INFO 19604 --- [restartedMain] .RepositoryConfigurationExtensionSupport : Spring Data Redis - Could not safely identify store assignment for repository candidate interface com.gamotrance.OTT.Doa.TodoRepository.
2022-06-03 02:22:34.196  INFO 19604 --- [restartedMain] .RepositoryConfigurationExtensionSupport : Spring Data Redis - Could not safely identify store assignment for repository candidate interface com.gamotrance.OTT.Doa.TransctionFieldRepo.
2022-06-03 02:22:34.198  INFO 19604 --- [restartedMain] .RepositoryConfigurationExtensionSupport : Spring Data Redis - Could not safely identify store assignment for repository candidate interface com.gamotrance.OTT.Doa.TransctionRepo.
2022-06-03 02:22:34.199  INFO 19604 --- [restartedMain] .RepositoryConfigurationExtensionSupport : Spring Data Redis - Could not safely identify store assignment for repository candidate interface com.gamotrance.OTT.Doa.UpiConstantRepo.
2022-06-03 02:22:34.200  INFO 19604 --- [restartedMain] .RepositoryConfigurationExtensionSupport : Spring Data Redis - Could not safely identify store assignment for repository candidate interface com.gamotrance.OTT.Doa.UserFcmTokenRepo.
2022-06-03 02:22:34.201  INFO 19604 --- [restartedMain] .RepositoryConfigurationExtensionSupport : Spring Data Redis - Could not safely identify store assignment for repository candidate interface com.gamotrance.OTT.Doa.UserNotifRepo.
2022-06-03 02:22:34.203  INFO 19604 --- [restartedMain] .RepositoryConfigurationExtensionSupport : Spring Data Redis - Could not safely identify store assignment for repository candidate interface com.gamotrance.OTT.Doa.UserRepo.
2022-06-03 02:22:34.204  INFO 19604 --- [restartedMain] .RepositoryConfigurationExtensionSupport : Spring Data Redis - Could not safely identify store assignment for repository candidate interface com.gamotrance.OTT.Doa.UserViewRepo.
2022-06-03 02:22:34.205  INFO 19604 --- [restartedMain] .RepositoryConfigurationExtensionSupport : Spring Data Redis - Could not safely identify store assignment for repository candidate interface com.gamotrance.OTT.Doa.VideoCatListRepo.
2022-06-03 02:22:34.206  INFO 19604 --- [restartedMain] .RepositoryConfigurationExtensionSupport : Spring Data Redis - Could not safely identify store assignment for repository candidate interface com.gamotrance.OTT.Doa.WalletRepo.
2022-06-03 02:22:34.207  INFO 19604 --- [restartedMain] .RepositoryConfigurationExtensionSupport : Spring Data Redis - Could not safely identify store assignment for repository candidate interface com.gamotrance.OTT.Doa.WatchListRepo.
2022-06-03 02:22:34.207  INFO 19604 --- [restartedMain] .s.d.r.c.RepositoryConfigurationDelegate : Finished Spring Data repository scanning in 99ms. Found 0 repository interfaces.
2022-06-03 02:22:36.841  INFO 19604 --- [restartedMain] o.s.b.w.embedded.tomcat.TomcatWebServer  : Tomcat initialized with port(s): 8887 (http)
2022-06-03 02:22:36.969  INFO 19604 --- [restartedMain] o.apache.catalina.core.StandardService   : Starting service [Tomcat]
2022-06-03 02:22:36.971  INFO 19604 --- [restartedMain] org.apache.catalina.core.StandardEngine  : Starting Servlet engine: [Apache Tomcat/9.0.22]
2022-06-03 02:22:37.742  INFO 19604 --- [restartedMain] o.a.c.c.C.[Tomcat].[localhost].[/]       : Initializing Spring embedded WebApplicationContext
2022-06-03 02:22:37.743  INFO 19604 --- [restartedMain] o.s.web.context.ContextLoader            : Root WebApplicationContext: initialization completed in 8893 ms
2022-06-03 02:22:39.837  INFO 19604 --- [restartedMain] org.mongodb.driver.cluster               : Cluster created with settings {hosts=[127.0.0.1:27017], mode=SINGLE, requiredClusterType=UNKNOWN, serverSelectionTimeout='30000 ms', maxWaitQueueSize=500}
2022-06-03 02:22:39.992  INFO 19604 --- [cluster-ClusterId{value='62992317511d034c94f04cc2', description='null'}-127.0.0.1:27017] org.mongodb.driver.connection            : Opened connection [connectionId{localValue:1, serverValue:9}] to 127.0.0.1:27017
2022-06-03 02:22:40.007  INFO 19604 --- [cluster-ClusterId{value='62992317511d034c94f04cc2', description='null'}-127.0.0.1:27017] org.mongodb.driver.cluster               : Monitor thread successfully connected to server with description ServerDescription{address=127.0.0.1:27017, type=STANDALONE, state=CONNECTED, ok=true, version=ServerVersion{versionList=[5, 0, 2]}, minWireVersion=0, maxWireVersion=13, maxDocumentSize=16777216, logicalSessionTimeoutMinutes=30, roundTripTimeNanos=6899000}
2022-06-03 02:22:40.838  INFO 19604 --- [restartedMain] c.g.OTT.configs.SimpleCORSFilter         : SimpleCORSFilter init
2022-06-03 02:22:41.208  INFO 19604 --- [restartedMain] o.s.b.d.a.OptionalLiveReloadServer       : LiveReload server is running on port 35729
2022-06-03 02:22:41.834  INFO 19604 --- [restartedMain] org.mongodb.driver.connection            : Opened connection [connectionId{localValue:2, serverValue:10}] to 127.0.0.1:27017
2022-06-03 02:22:42.414  INFO 19604 --- [restartedMain] com.gamotrance.OTT.FCMInitializer        : Firebase application has been initialized
2022-06-03 02:22:45.041  INFO 19604 --- [restartedMain] o.s.b.a.e.web.EndpointLinksResolver      : Exposing 2 endpoint(s) beneath base path '/actuator'
2022-06-03 02:22:45.240  WARN 19604 --- [restartedMain] org.thymeleaf.templatemode.TemplateMode  : [THYMELEAF][restartedMain] Template Mode 'HTML5' is deprecated. Using Template Mode 'HTML' instead.
2022-06-03 02:22:45.246  WARN 19604 --- [restartedMain] org.thymeleaf.templatemode.TemplateMode  : [THYMELEAF][restartedMain] Template Mode 'HTML5' is deprecated. Using Template Mode 'HTML' instead.
2022-06-03 02:22:45.617  INFO 19604 --- [restartedMain] o.s.s.web.DefaultSecurityFilterChain     : Creating filter chain: Ant [pattern='/swagger-resources/**'], []
2022-06-03 02:22:45.618  INFO 19604 --- [restartedMain] o.s.s.web.DefaultSecurityFilterChain     : Creating filter chain: Ant [pattern='/swagger-ui.html/**'], []
2022-06-03 02:22:45.618  INFO 19604 --- [restartedMain] o.s.s.web.DefaultSecurityFilterChain     : Creating filter chain: Ant [pattern='/webjars/**'], []
2022-06-03 02:22:45.618  INFO 19604 --- [restartedMain] o.s.s.web.DefaultSecurityFilterChain     : Creating filter chain: Ant [pattern='/resources/**'], []
2022-06-03 02:22:45.619  INFO 19604 --- [restartedMain] o.s.s.web.DefaultSecurityFilterChain     : Creating filter chain: Ant [pattern='/static/**'], []
2022-06-03 02:22:45.619  INFO 19604 --- [restartedMain] o.s.s.web.DefaultSecurityFilterChain     : Creating filter chain: Ant [pattern='/css/**'], []
2022-06-03 02:22:45.619  INFO 19604 --- [restartedMain] o.s.s.web.DefaultSecurityFilterChain     : Creating filter chain: Ant [pattern='/js/**'], []
2022-06-03 02:22:45.619  INFO 19604 --- [restartedMain] o.s.s.web.DefaultSecurityFilterChain     : Creating filter chain: Ant [pattern='/images/**'], []
2022-06-03 02:22:45.675  INFO 19604 --- [restartedMain] o.s.s.web.DefaultSecurityFilterChain     : Creating filter chain: any request, [org.springframework.security.web.context.request.async.WebAsyncManagerIntegrationFilter@55223ba6, org.springframework.security.web.context.SecurityContextPersistenceFilter@7b8aaa01, org.springframework.security.web.header.HeaderWriterFilter@524c562e, org.springframework.security.web.authentication.logout.LogoutFilter@4ffca3f5, org.springframework.security.web.savedrequest.RequestCacheAwareFilter@74c40912, org.springframework.security.web.servletapi.SecurityContextHolderAwareRequestFilter@67bbd181, org.springframework.security.web.authentication.AnonymousAuthenticationFilter@684eda59, org.springframework.security.web.session.SessionManagementFilter@4670ae94, org.springframework.security.web.access.ExceptionTranslationFilter@751f2e3a]
2022-06-03 02:22:46.040  INFO 19604 --- [restartedMain] o.s.s.concurrent.ThreadPoolTaskExecutor  : Initializing ExecutorService 'applicationTaskExecutor'
2022-06-03 02:22:46.141  INFO 19604 --- [restartedMain] o.s.b.a.w.s.WelcomePageHandlerMapping    : Adding welcome page template: index
2022-06-03 02:22:46.806  INFO 19604 --- [restartedMain] o.s.s.c.ThreadPoolTaskScheduler          : Initializing ExecutorService 'taskScheduler'
2022-06-03 02:22:47.239  WARN 19604 --- [restartedMain] org.thymeleaf.templatemode.TemplateMode  : [THYMELEAF][restartedMain] Template Mode 'LEGACYHTML5' is deprecated. Using Template Mode 'HTML' instead.
2022-06-03 02:22:47.434  INFO 19604 --- [restartedMain] d.s.w.p.DocumentationPluginsBootstrapper : Context refreshed
2022-06-03 02:22:47.472  INFO 19604 --- [restartedMain] d.s.w.p.DocumentationPluginsBootstrapper : Found 1 custom documentation plugin(s)
2022-06-03 02:22:47.574  INFO 19604 --- [restartedMain] s.d.s.w.s.ApiListingReferenceScanner     : Scanning for api listing references
2022-06-03 02:22:48.030  INFO 19604 --- [restartedMain] .d.s.w.r.o.CachingOperationNameGenerator : Generating unique operation named: deleteCatorayUsingDELETE_1
2022-06-03 02:22:49.276  INFO 19604 --- [restartedMain] .d.s.w.r.o.CachingOperationNameGenerator : Generating unique operation named: handleUsingGET_1
2022-06-03 02:22:49.279  INFO 19604 --- [restartedMain] .d.s.w.r.o.CachingOperationNameGenerator : Generating unique operation named: handleUsingGET_2
2022-06-03 02:22:49.282  INFO 19604 --- [restartedMain] .d.s.w.r.o.CachingOperationNameGenerator : Generating unique operation named: handleUsingGET_3
2022-06-03 02:22:49.497  INFO 19604 --- [restartedMain] .d.s.w.r.o.CachingOperationNameGenerator : Generating unique operation named: deletePlanUsingDELETE_1
2022-06-03 02:22:50.160  INFO 19604 --- [restartedMain] .d.s.w.r.o.CachingOperationNameGenerator : Generating unique operation named: getRentMovieByIdUsingGET_1
2022-06-03 02:22:50.215  INFO 19604 --- [restartedMain] .d.s.w.r.o.CachingOperationNameGenerator : Generating unique operation named: updateRentMovieUsingPATCH_1
2022-06-03 02:22:50.298  INFO 19604 --- [restartedMain] .d.s.w.r.o.CachingOperationNameGenerator : Generating unique operation named: addAppUpdateUsingPOST_1
2022-06-03 02:22:50.316  INFO 19604 --- [restartedMain] .d.s.w.r.o.CachingOperationNameGenerator : Generating unique operation named: addToDashBoardUsingPOST_1
2022-06-03 02:22:50.326  INFO 19604 --- [restartedMain] .d.s.w.r.o.CachingOperationNameGenerator : Generating unique operation named: deleteAllUsingDELETE_1
2022-06-03 02:22:50.340  INFO 19604 --- [restartedMain] .d.s.w.r.o.CachingOperationNameGenerator : Generating unique operation named: deleteSingleDashUsingDELETE_1
2022-06-03 02:22:50.375  INFO 19604 --- [restartedMain] .d.s.w.r.o.CachingOperationNameGenerator : Generating unique operation named: getByListHelpUsingGET_1
2022-06-03 02:22:50.414  INFO 19604 --- [restartedMain] .d.s.w.r.o.CachingOperationNameGenerator : Generating unique operation named: getDashBoardUsingGET_1
2022-06-03 02:22:50.686  INFO 19604 --- [restartedMain] .d.s.w.r.o.CachingOperationNameGenerator : Generating unique operation named: deleteTransctionUsingDELETE_1
2022-06-03 02:22:51.213  INFO 19604 --- [restartedMain] .d.s.w.r.o.CachingOperationNameGenerator : Generating unique operation named: SyncAllUserUsingPATCH_1
2022-06-03 02:22:51.393  INFO 19604 --- [restartedMain] .d.s.w.r.o.CachingOperationNameGenerator : Generating unique operation named: addSingleVideoUsingPOST_1
2022-06-03 02:22:52.280  INFO 19604 --- [restartedMain] o.s.b.w.embedded.tomcat.TomcatWebServer  : Tomcat started on port(s): 8887 (http) with context path ''
2022-06-03 02:22:52.286  INFO 19604 --- [restartedMain] com.gamotrance.OTT.OttApplication        : Started OttApplication in 25.368 seconds (JVM running for 27.562)
2022-06-03 02:22:52.398 DEBUG 19604 --- [restartedMain] o.s.data.mongodb.core.MongoTemplate      : find using query: { "role" : "ADMIN" } fields: Document{{}} for class: class com.gamotrance.OTT.Model.Role in collection: roles
2022-06-03 02:22:52.485 DEBUG 19604 --- [restartedMain] o.s.data.mongodb.core.MongoTemplate      : find using query: { "role" : "USER" } fields: Document{{}} for class: class com.gamotrance.OTT.Model.Role in collection: roles
2022-06-03 02:22:59.151  INFO 19604 --- [http-nio-8887-exec-1] o.a.c.c.C.[Tomcat].[localhost].[/]       : Initializing Spring DispatcherServlet 'dispatcherServlet'
2022-06-03 02:22:59.151  INFO 19604 --- [http-nio-8887-exec-1] o.s.web.servlet.DispatcherServlet        : Initializing Servlet 'dispatcherServlet'
2022-06-03 02:22:59.172  INFO 19604 --- [http-nio-8887-exec-1] o.s.web.servlet.DispatcherServlet        : Completed initialization in 21 ms
